2026-01-07 10:46:15,631 - INFO - Daten erfolgreich von Loan_Data.csv geladen.
2026-01-07 10:46:15,634 - INFO - Starte Modelltraining (Random Forest)...
2026-01-07 10:46:16,393 - INFO - Training beendet in 0.7590 Sekunden.
2026-01-07 10:46:16,394 - INFO - Erstelle Vorhersagen...
2026-01-07 10:46:16,421 - INFO - Starte Modelltraining (Random Forest)...
2026-01-07 10:46:17,136 - INFO - Training beendet in 0.7152 Sekunden.
2026-01-07 10:49:44,297 - INFO - Daten erfolgreich von Loan_Data.csv geladen.
2026-01-07 10:49:44,300 - INFO - Starte Modelltraining (Random Forest)...
2026-01-07 10:49:45,016 - INFO - Training beendet in 0.7156 Sekunden.
2026-01-07 10:49:45,016 - INFO - Erstelle Vorhersagen...
2026-01-07 10:49:45,043 - INFO - Starte Modelltraining (Random Forest)...
2026-01-07 10:49:45,745 - INFO - Training beendet in 0.7019 Sekunden.
2026-01-07 10:51:35,955 - INFO - Daten erfolgreich von Loan_Data.csv geladen.
2026-01-07 10:51:35,959 - INFO - Starte Modelltraining (Random Forest)...
2026-01-07 10:51:36,678 - INFO - Training beendet in 0.7190 Sekunden.
2026-01-07 10:51:36,678 - INFO - Erstelle Vorhersagen...
2026-01-07 10:51:36,704 - INFO - Starte Modelltraining (Random Forest)...
2026-01-07 10:51:37,412 - INFO - Training beendet in 0.7082 Sekunden.
2026-01-07 12:16:06,422 - INFO - Daten erfolgreich von Loan_Data.csv geladen.
2026-01-07 12:16:06,426 - INFO - Starte Modelltraining (Random Forest)...
2026-01-07 12:16:07,122 - INFO - Training beendet in 0.6962 Sekunden.
2026-01-07 12:16:07,122 - INFO - Erstelle Vorhersagen...
2026-01-07 12:16:07,147 - INFO - Starte Modelltraining (Random Forest)...
2026-01-07 12:16:07,847 - INFO - Training beendet in 0.7000 Sekunden.
2026-01-07 12:18:47,337 - INFO - Ran with args: ('Loan_Data.csv',), and kwargs: {}
2026-01-07 12:18:47,346 - INFO - load_data ran in: 0.0090 sec
2026-01-07 12:18:47,355 - INFO - Ran with args: (      credit.policy  int.rate  ...  purpose_major_purchase  purpose_small_business
4845              1    0.1426  ...                   False                   False
6910              1    0.0774  ...                   False                   False
8146              0    0.1520  ...                   False                   False
7113              1    0.1385  ...                   False                   False
195               1    0.1059  ...                   False                   False
...             ...       ...  ...                     ...                     ...
599               1    0.1671  ...                   False                   False
5695              1    0.1496  ...                   False                   False
8006              0    0.1659  ...                   False                   False
1361              1    0.0907  ...                   False                   False
1547              1    0.0800  ...                   False                   False

[6704 rows x 18 columns], 4845    1
6910    0
8146    1
7113    0
195     0
       ..
599     0
5695    1
8006    0
1361    0
1547    0
Name: not.fully.paid, Length: 6704, dtype: int64), and kwargs: {}
2026-01-07 12:18:48,049 - INFO - fit_model ran in: 0.6943 sec
2026-01-07 12:18:48,055 - INFO - Ran with args: (RandomForestClassifier(),       credit.policy  int.rate  ...  purpose_major_purchase  purpose_small_business
5244              1    0.1287  ...                   False                   False
1739              1    0.1347  ...                   False                   False
2780              1    0.0768  ...                   False                   False
7062              1    0.1099  ...                   False                   False
6661              1    0.1913  ...                   False                    True
...             ...       ...  ...                     ...                     ...
9508              0    0.1218  ...                   False                   False
4348              1    0.0894  ...                   False                   False
4233              1    0.1253  ...                   False                   False
5363              1    0.2017  ...                   False                    True
6599              1    0.1183  ...                   False                   False

[2874 rows x 18 columns]), and kwargs: {}
2026-01-07 12:18:48,080 - INFO - predict_model ran in: 0.0240 sec
2026-01-07 12:18:48,087 - INFO - Ran with args: (      credit.policy  int.rate  ...  purpose_major_purchase  purpose_small_business
4845              1    0.1426  ...                   False                   False
6910              1    0.0774  ...                   False                   False
8146              0    0.1520  ...                   False                   False
7113              1    0.1385  ...                   False                   False
195               1    0.1059  ...                   False                   False
...             ...       ...  ...                     ...                     ...
599               1    0.1671  ...                   False                   False
5695              1    0.1496  ...                   False                   False
8006              0    0.1659  ...                   False                   False
1361              1    0.0907  ...                   False                   False
1547              1    0.0800  ...                   False                   False

[6704 rows x 18 columns], 4845    1
6910    0
8146    1
7113    0
195     0
       ..
599     0
5695    1
8006    0
1361    0
1547    0
Name: not.fully.paid, Length: 6704, dtype: int64), and kwargs: {}
2026-01-07 12:18:48,776 - INFO - fit_model ran in: 0.6890 sec
